# JRE version: OpenJDK Runtime Environment (21.0.4) (build 21.0.4+-12508038-b607.1)
# Java VM: OpenJDK 64-Bit Server VM (21.0.4+-12508038-b607.1, mixed mode, tiered, compressed oops, compressed class ptrs, g1 gc, windows-amd64)
GC Precious Log:
 CardTable entry size: 512
 Card Set container configuration: InlinePtr #cards 5 size 8 Array Of Cards #cards 12 size 40 Howl #buckets 4 coarsen threshold 1843 Howl Bitmap #cards 512 size 80 coarsen threshold 460 Card regions per heap region 1 cards per card region 2048
 CPUs: 4 total, 4 available
 Memory: 3919M
 Large Page Support: Disabled
 NUMA Support: Disabled
 Compressed Oops: Enabled (32-bit)
 Heap Region Size: 1M
 Heap Min Capacity: 8M
 Heap Initial Capacity: 8M
 Heap Max Capacity: 980M
 Pre-touch: Disabled
 Parallel Workers: 4
 Concurrent Workers: 1
 Concurrent Refinement Workers: 4
 Periodic GC: Disabled
Heap:
 garbage-first heap   total 14336K, used 6090K [0x00000000c2c00000, 0x0000000100000000)
  region size 1024K, 4 young (4096K), 1 survivors (1024K)
 Metaspace       used 10771K, committed 11072K, reserved 1114112K
  class space    used 1074K, committed 1216K, reserved 1048576K
GC Heap History (14 events):
Event: 0.255 GC heap before
{Heap before GC invocations=0 (full 0):
 garbage-first heap   total 8192K, used 3072K [0x00000000c2c00000, 0x0000000100000000)
  region size 1024K, 3 young (3072K), 0 survivors (0K)
 Metaspace       used 7547K, committed 7680K, reserved 1114112K
  class space    used 693K, committed 768K, reserved 1048576K
}
Event: 0.258 GC heap after
{Heap after GC invocations=1 (full 0):
 garbage-first heap   total 8192K, used 904K [0x00000000c2c00000, 0x0000000100000000)
  region size 1024K, 1 young (1024K), 1 survivors (1024K)
 Metaspace       used 7547K, committed 7680K, reserved 1114112K
  class space    used 693K, committed 768K, reserved 1048576K
}
Event: 0.349 GC heap before
{Heap before GC invocations=1 (full 0):
 garbage-first heap   total 8192K, used 2952K [0x00000000c2c00000, 0x0000000100000000)
  region size 1024K, 3 young (3072K), 1 survivors (1024K)
 Metaspace       used 9086K, committed 9280K, reserved 1114112K
  class space    used 860K, committed 960K, reserved 1048576K
}
Event: 0.352 GC heap after
{Heap after GC invocations=2 (full 0):
 garbage-first heap   total 8192K, used 1268K [0x00000000c2c00000, 0x0000000100000000)
  region size 1024K, 1 young (1024K), 1 survivors (1024K)
 Metaspace       used 9086K, committed 9280K, reserved 1114112K
  class space    used 860K, committed 960K, reserved 1048576K
}
Event: 0.405 GC heap before
{Heap before GC invocations=2 (full 0):
 garbage-first heap   total 8192K, used 3316K [0x00000000c2c00000, 0x0000000100000000)
  region size 1024K, 3 young (3072K), 1 survivors (1024K)
 Metaspace       used 9490K, committed 9664K, reserved 1114112K
  class space    used 915K, committed 960K, reserved 1048576K
}
Event: 0.409 GC heap after
{Heap after GC invocations=3 (full 0):
 garbage-first heap   total 8192K, used 2374K [0x00000000c2c00000, 0x0000000100000000)
  region size 1024K, 1 young (1024K), 1 survivors (1024K)
 Metaspace       used 9490K, committed 9664K, reserved 1114112K
  class space    used 915K, committed 960K, reserved 1048576K
}
Event: 0.445 GC heap before
{Heap before GC invocations=3 (full 0):
 garbage-first heap   total 8192K, used 2374K [0x00000000c2c00000, 0x0000000100000000)
  region size 1024K, 2 young (2048K), 1 survivors (1024K)
 Metaspace       used 9729K, committed 9856K, reserved 1114112K
  class space    used 954K, committed 1024K, reserved 1048576K
}
Event: 0.449 GC heap after
{Heap after GC invocations=4 (full 0):
 garbage-first heap   total 8192K, used 2977K [0x00000000c2c00000, 0x0000000100000000)
  region size 1024K, 1 young (1024K), 1 survivors (1024K)
 Metaspace       used 9729K, committed 9856K, reserved 1114112K
  class space    used 954K, committed 1024K, reserved 1048576K
}
Event: 0.483 GC heap before
{Heap before GC invocations=4 (full 0):
 garbage-first heap   total 8192K, used 4001K [0x00000000c2c00000, 0x0000000100000000)
  region size 1024K, 2 young (2048K), 1 survivors (1024K)
 Metaspace       used 9897K, committed 10176K, reserved 1114112K
  class space    used 967K, committed 1088K, reserved 1048576K
}
Event: 0.486 GC heap after
{Heap after GC invocations=5 (full 0):
 garbage-first heap   total 8192K, used 3376K [0x00000000c2c00000, 0x0000000100000000)
  region size 1024K, 1 young (1024K), 1 survivors (1024K)
 Metaspace       used 9897K, committed 10176K, reserved 1114112K
  class space    used 967K, committed 1088K, reserved 1048576K
}
Event: 0.533 GC heap before
{Heap before GC invocations=5 (full 0):
 garbage-first heap   total 8192K, used 4400K [0x00000000c2c00000, 0x0000000100000000)
  region size 1024K, 2 young (2048K), 1 survivors (1024K)
 Metaspace       used 10022K, committed 10304K, reserved 1114112K
  class space    used 989K, committed 1088K, reserved 1048576K
}
Event: 0.566 GC heap after
{Heap after GC invocations=6 (full 0):
 garbage-first heap   total 14336K, used 3297K [0x00000000c2c00000, 0x0000000100000000)
  region size 1024K, 1 young (1024K), 1 survivors (1024K)
 Metaspace       used 10022K, committed 10304K, reserved 1114112K
  class space    used 989K, committed 1088K, reserved 1048576K
}
Event: 0.682 GC heap before
{Heap before GC invocations=6 (full 0):
 garbage-first heap   total 14336K, used 7393K [0x00000000c2c00000, 0x0000000100000000)
  region size 1024K, 5 young (5120K), 1 survivors (1024K)
 Metaspace       used 10615K, committed 10944K, reserved 1114112K
  class space    used 1069K, committed 1216K, reserved 1048576K
}
Event: 0.685 GC heap after
{Heap after GC invocations=7 (full 0):
 garbage-first heap   total 14336K, used 4042K [0x00000000c2c00000, 0x0000000100000000)
  region size 1024K, 1 young (1024K), 1 survivors (1024K)
 Metaspace       used 10615K, committed 10944K, reserved 1114112K
  class space    used 1069K, committed 1216K, reserved 1048576K
}

